<?xml version="1.0" encoding="UTF-8"?>
<!-- Generated by org.testng.reporters.JUnitReportReporter -->
<testsuite hostname="Disha" failures="0" tests="1" name="APIAutomation.DummyAPI.PutDummyAPI" time="8.295" errors="0" timestamp="2021-02-09T16:05:28 PST" skipped="0">
  <testcase classname="APIAutomation.DummyAPI.PutDummyAPI" name="updateUser" time="8.295"/>
  <system-out/>
</testsuite> <!-- APIAutomation.DummyAPI.PutDummyAPI -->
