<?xml version="1.0" encoding="UTF-8"?>
<!-- Generated by org.testng.reporters.JUnitReportReporter -->
<testsuite hostname="Disha" failures="0" tests="1" name="APIAutomation.DummyAPI.DeleteDummyAPI" time="9.160" errors="0" timestamp="2021-02-09T16:12:23 PST" skipped="0">
  <testcase classname="APIAutomation.DummyAPI.DeleteDummyAPI" name="deleteUser" time="9.160"/>
  <system-out/>
</testsuite> <!-- APIAutomation.DummyAPI.DeleteDummyAPI -->
