<?xml version="1.0" encoding="UTF-8"?>
<!-- Generated by org.testng.reporters.JUnitReportReporter -->
<testsuite hostname="Disha" failures="0" tests="1" name="APIAutomation.DummyAPI.PatchDummyAPI" time="11.812" errors="0" timestamp="2021-02-09T16:02:24 PST" skipped="0">
  <testcase classname="APIAutomation.DummyAPI.PatchDummyAPI" name="updateSingleField" time="11.812"/>
  <system-out/>
</testsuite> <!-- APIAutomation.DummyAPI.PatchDummyAPI -->
