<?xml version="1.0" encoding="UTF-8"?>
<!-- Generated by org.testng.reporters.JUnitReportReporter -->
<testsuite hostname="Disha" failures="0" tests="1" name="APIAutomation.DummyAPI.PostDummyAPI" time="4.430" errors="0" timestamp="2021-02-09T15:04:52 PST" skipped="0">
  <testcase classname="APIAutomation.DummyAPI.PostDummyAPI" name="createEmployee" time="4.430"/>
  <system-out/>
</testsuite> <!-- APIAutomation.DummyAPI.PostDummyAPI -->
